<?xml version="1.0" encoding="UTF-8" ?>
<testsuite tests="6" failures="0" name="banking.SampleTest" time="0" errors="0" skipped="0">
  <properties>
[...]
</properties>
  <testcase classname="banking.SampleTest" name="transactionDebitTest" time="0"/>
  <testcase classname="banking.SampleTest" name="transactionCreditTest" time="0"/>
  <testcase classname="banking.SampleTest" name="validDebitTest" time="0"/>
  <testcase classname="banking.SampleTest" name="sequentialAccountNumberTest" time="0"/>
  <testcase classname="banking.SampleTest" name="creditAccountTest" time="0"/>
  <testcase classname="banking.SampleTest" name="validBalanceTest" time="0"/>
</testsuite>